<?xml version="1.0" encoding="UTF-8"?>
<testsuite name="com.hbchoi.book.springboot.domain.posts.PostsRepositoryTest" tests="1" skipped="0" failures="0" errors="0" timestamp="2023-07-12T13:06:37" hostname="chb" time="0.571">
  <properties/>
  <testcase name="postSaveLoad" classname="com.hbchoi.book.springboot.domain.posts.PostsRepositoryTest" time="0.571"/>
  <system-out><![CDATA[22:06:30.543 [Test worker] DEBUG org.springframework.test.context.junit4.SpringJUnit4ClassRunner - SpringJUnit4ClassRunner constructor called with [class com.hbchoi.book.springboot.domain.posts.PostsRepositoryTest]
22:06:30.560 [Test worker] DEBUG org.springframework.test.context.BootstrapUtils - Instantiating CacheAwareContextLoaderDelegate from class [org.springframework.test.context.cache.DefaultCacheAwareContextLoaderDelegate]
22:06:30.583 [Test worker] DEBUG org.springframework.test.context.BootstrapUtils - Instantiating BootstrapContext using constructor [public org.springframework.test.context.support.DefaultBootstrapContext(java.lang.Class,org.springframework.test.context.CacheAwareContextLoaderDelegate)]
22:06:30.622 [Test worker] DEBUG org.springframework.test.context.BootstrapUtils - Instantiating TestContextBootstrapper for test class [com.hbchoi.book.springboot.domain.posts.PostsRepositoryTest] from class [org.springframework.boot.test.context.SpringBootTestContextBootstrapper]
22:06:30.657 [Test worker] INFO org.springframework.boot.test.context.SpringBootTestContextBootstrapper - Neither @ContextConfiguration nor @ContextHierarchy found for test class [com.hbchoi.book.springboot.domain.posts.PostsRepositoryTest], using SpringBootContextLoader
22:06:30.663 [Test worker] DEBUG org.springframework.test.context.support.AbstractContextLoader - Did not detect default resource location for test class [com.hbchoi.book.springboot.domain.posts.PostsRepositoryTest]: class path resource [com/hbchoi/book/springboot/domain/posts/PostsRepositoryTest-context.xml] does not exist
22:06:30.665 [Test worker] DEBUG org.springframework.test.context.support.AbstractContextLoader - Did not detect default resource location for test class [com.hbchoi.book.springboot.domain.posts.PostsRepositoryTest]: class path resource [com/hbchoi/book/springboot/domain/posts/PostsRepositoryTestContext.groovy] does not exist
22:06:30.665 [Test worker] INFO org.springframework.test.context.support.AbstractContextLoader - Could not detect default resource locations for test class [com.hbchoi.book.springboot.domain.posts.PostsRepositoryTest]: no resource found for suffixes {-context.xml, Context.groovy}.
22:06:30.667 [Test worker] INFO org.springframework.test.context.support.AnnotationConfigContextLoaderUtils - Could not detect default configuration classes for test class [com.hbchoi.book.springboot.domain.posts.PostsRepositoryTest]: PostsRepositoryTest does not declare any static, non-private, non-final, nested classes annotated with @Configuration.
22:06:30.754 [Test worker] DEBUG org.springframework.test.context.support.ActiveProfilesUtils - Could not find an 'annotation declaring class' for annotation type [org.springframework.test.context.ActiveProfiles] and class [com.hbchoi.book.springboot.domain.posts.PostsRepositoryTest]
22:06:30.896 [Test worker] DEBUG org.springframework.context.annotation.ClassPathScanningCandidateComponentProvider - Identified candidate component class: file [C:\Users\chekq\IdeaProjects\freelec-springboot2-webservice\build\classes\java\main\com\hbchoi\book\springboot\Application.class]
22:06:30.897 [Test worker] INFO org.springframework.boot.test.context.SpringBootTestContextBootstrapper - Found @SpringBootConfiguration com.hbchoi.book.springboot.Application for test class com.hbchoi.book.springboot.domain.posts.PostsRepositoryTest
22:06:31.097 [Test worker] DEBUG org.springframework.boot.test.context.SpringBootTestContextBootstrapper - @TestExecutionListeners is not present for class [com.hbchoi.book.springboot.domain.posts.PostsRepositoryTest]: using defaults.
22:06:31.099 [Test worker] INFO org.springframework.boot.test.context.SpringBootTestContextBootstrapper - Loaded default TestExecutionListener class names from location [META-INF/spring.factories]: [org.springframework.boot.test.autoconfigure.restdocs.RestDocsTestExecutionListener, org.springframework.boot.test.autoconfigure.web.client.MockRestServiceServerResetTestExecutionListener, org.springframework.boot.test.autoconfigure.web.servlet.MockMvcPrintOnlyOnFailureTestExecutionListener, org.springframework.boot.test.autoconfigure.web.servlet.WebDriverTestExecutionListener, org.springframework.boot.test.mock.mockito.MockitoTestExecutionListener, org.springframework.boot.test.mock.mockito.ResetMocksTestExecutionListener, org.springframework.test.context.web.ServletTestExecutionListener, org.springframework.test.context.support.DirtiesContextBeforeModesTestExecutionListener, org.springframework.test.context.support.DependencyInjectionTestExecutionListener, org.springframework.test.context.support.DirtiesContextTestExecutionListener, org.springframework.test.context.transaction.TransactionalTestExecutionListener, org.springframework.test.context.jdbc.SqlScriptsTestExecutionListener]
22:06:31.138 [Test worker] INFO org.springframework.boot.test.context.SpringBootTestContextBootstrapper - Using TestExecutionListeners: [org.springframework.test.context.web.ServletTestExecutionListener@4bbe9b7c, org.springframework.test.context.support.DirtiesContextBeforeModesTestExecutionListener@728d66bd, org.springframework.boot.test.mock.mockito.MockitoTestExecutionListener@5df26eeb, org.springframework.boot.test.autoconfigure.SpringBootDependencyInjectionTestExecutionListener@72ac186f, org.springframework.test.context.support.DirtiesContextTestExecutionListener@4d76183d, org.springframework.test.context.transaction.TransactionalTestExecutionListener@545727a0, org.springframework.test.context.jdbc.SqlScriptsTestExecutionListener@1a1c8ef7, org.springframework.boot.test.autoconfigure.restdocs.RestDocsTestExecutionListener@8e182bb, org.springframework.boot.test.autoconfigure.web.client.MockRestServiceServerResetTestExecutionListener@75abd46a, org.springframework.boot.test.autoconfigure.web.servlet.MockMvcPrintOnlyOnFailureTestExecutionListener@18ac9758, org.springframework.boot.test.autoconfigure.web.servlet.WebDriverTestExecutionListener@6639c98c, org.springframework.boot.test.mock.mockito.ResetMocksTestExecutionListener@62497baa]
22:06:31.146 [Test worker] DEBUG org.springframework.test.annotation.ProfileValueUtils - Retrieved @ProfileValueSourceConfiguration [null] for test class [com.hbchoi.book.springboot.domain.posts.PostsRepositoryTest]
22:06:31.148 [Test worker] DEBUG org.springframework.test.annotation.ProfileValueUtils - Retrieved ProfileValueSource type [class org.springframework.test.annotation.SystemProfileValueSource] for class [com.hbchoi.book.springboot.domain.posts.PostsRepositoryTest]
22:06:31.155 [Test worker] DEBUG org.springframework.test.annotation.ProfileValueUtils - Retrieved @ProfileValueSourceConfiguration [null] for test class [com.hbchoi.book.springboot.domain.posts.PostsRepositoryTest]
22:06:31.155 [Test worker] DEBUG org.springframework.test.annotation.ProfileValueUtils - Retrieved ProfileValueSource type [class org.springframework.test.annotation.SystemProfileValueSource] for class [com.hbchoi.book.springboot.domain.posts.PostsRepositoryTest]
22:06:31.156 [Test worker] DEBUG org.springframework.test.annotation.ProfileValueUtils - Retrieved @ProfileValueSourceConfiguration [null] for test class [com.hbchoi.book.springboot.domain.posts.PostsRepositoryTest]
22:06:31.157 [Test worker] DEBUG org.springframework.test.annotation.ProfileValueUtils - Retrieved ProfileValueSource type [class org.springframework.test.annotation.SystemProfileValueSource] for class [com.hbchoi.book.springboot.domain.posts.PostsRepositoryTest]
22:06:31.166 [Test worker] DEBUG org.springframework.test.context.support.AbstractDirtiesContextTestExecutionListener - Before test class: context [DefaultTestContext@f35d806 testClass = PostsRepositoryTest, testInstance = [null], testMethod = [null], testException = [null], mergedContextConfiguration = [WebMergedContextConfiguration@2c267d1d testClass = PostsRepositoryTest, locations = '{}', classes = '{class com.hbchoi.book.springboot.Application}', contextInitializerClasses = '[]', activeProfiles = '{}', propertySourceLocations = '{}', propertySourceProperties = '{org.springframework.boot.test.context.SpringBootTestContextBootstrapper=true}', contextCustomizers = set[org.springframework.boot.test.autoconfigure.properties.PropertyMappingContextCustomizer@0, org.springframework.boot.test.autoconfigure.web.servlet.WebDriverContextCustomizerFactory$Customizer@6f7d9ab6, org.springframework.boot.test.context.filter.ExcludeFilterContextCustomizer@38993b92, org.springframework.boot.test.json.DuplicateJsonObjectContextCustomizerFactory$DuplicateJsonObjectContextCustomizer@7aaab688, org.springframework.boot.test.mock.mockito.MockitoContextCustomizer@0, org.springframework.boot.test.web.client.TestRestTemplateContextCustomizer@16ff0e58], resourceBasePath = 'src/main/webapp', contextLoader = 'org.springframework.boot.test.context.SpringBootContextLoader', parent = [null]], attributes = map['org.springframework.test.context.web.ServletTestExecutionListener.activateListener' -> true]], class annotated with @DirtiesContext [false] with mode [null].
22:06:31.167 [Test worker] DEBUG org.springframework.test.annotation.ProfileValueUtils - Retrieved @ProfileValueSourceConfiguration [null] for test class [com.hbchoi.book.springboot.domain.posts.PostsRepositoryTest]
22:06:31.167 [Test worker] DEBUG org.springframework.test.annotation.ProfileValueUtils - Retrieved ProfileValueSource type [class org.springframework.test.annotation.SystemProfileValueSource] for class [com.hbchoi.book.springboot.domain.posts.PostsRepositoryTest]
22:06:31.222 [Test worker] DEBUG org.springframework.test.context.support.TestPropertySourceUtils - Adding inlined properties to environment: {spring.jmx.enabled=false, org.springframework.boot.test.context.SpringBootTestContextBootstrapper=true, server.port=-1}

  .   ____          _            __ _ _
 /\\ / ___'_ __ _ _(_)_ __  __ _ \ \ \ \
( ( )\___ | '_ | '_| | '_ \/ _` | \ \ \ \
 \\/  ___)| |_)| | | | | || (_| |  ) ) ) )
  '  |____| .__|_| |_|_| |_\__, | / / / /
 =========|_|==============|___/=/_/_/_/
 :: Spring Boot ::        (v2.1.7.RELEASE)

2023-07-12 22:06:31.616  INFO 15884 --- [    Test worker] c.h.b.s.d.posts.PostsRepositoryTest      : Starting PostsRepositoryTest on chb with PID 15884 (started by chekq in C:\Users\chekq\IdeaProjects\freelec-springboot2-webservice)
2023-07-12 22:06:31.618  INFO 15884 --- [    Test worker] c.h.b.s.d.posts.PostsRepositoryTest      : No active profile set, falling back to default profiles: default
2023-07-12 22:06:32.465  INFO 15884 --- [    Test worker] .s.d.r.c.RepositoryConfigurationDelegate : Bootstrapping Spring Data repositories in DEFAULT mode.
2023-07-12 22:06:32.606  INFO 15884 --- [    Test worker] .s.d.r.c.RepositoryConfigurationDelegate : Finished Spring Data repository scanning in 129ms. Found 1 repository interfaces.
2023-07-12 22:06:33.120  INFO 15884 --- [    Test worker] trationDelegate$BeanPostProcessorChecker : Bean 'org.springframework.transaction.annotation.ProxyTransactionManagementConfiguration' of type [org.springframework.transaction.annotation.ProxyTransactionManagementConfiguration$$EnhancerBySpringCGLIB$$9d11c328] is not eligible for getting processed by all BeanPostProcessors (for example: not eligible for auto-proxying)
2023-07-12 22:06:33.377  INFO 15884 --- [    Test worker] com.zaxxer.hikari.HikariDataSource       : HikariPool-1 - Starting...
2023-07-12 22:06:33.647  INFO 15884 --- [    Test worker] com.zaxxer.hikari.HikariDataSource       : HikariPool-1 - Start completed.
2023-07-12 22:06:33.826  INFO 15884 --- [    Test worker] o.hibernate.jpa.internal.util.LogHelper  : HHH000204: Processing PersistenceUnitInfo [
	name: default
	...]
2023-07-12 22:06:33.927  INFO 15884 --- [    Test worker] org.hibernate.Version                    : HHH000412: Hibernate Core {5.3.10.Final}
2023-07-12 22:06:33.932  INFO 15884 --- [    Test worker] org.hibernate.cfg.Environment            : HHH000206: hibernate.properties not found
2023-07-12 22:06:34.159  INFO 15884 --- [    Test worker] o.hibernate.annotations.common.Version   : HCANN000001: Hibernate Commons Annotations {5.0.4.Final}
2023-07-12 22:06:34.406  INFO 15884 --- [    Test worker] org.hibernate.dialect.Dialect            : HHH000400: Using dialect: org.hibernate.dialect.MySQL5InnoDBDialect
Hibernate: drop table if exists posts
Hibernate: create table posts (id bigint not null auto_increment, author varchar(255), content TEXT not null, title varchar(500) not null, primary key (id)) engine=InnoDB
2023-07-12 22:06:35.335  INFO 15884 --- [    Test worker] o.h.t.schema.internal.SchemaCreatorImpl  : HHH000476: Executing import script 'org.hibernate.tool.schema.internal.exec.ScriptSourceInputNonExistentImpl@356f6917'
2023-07-12 22:06:35.340  INFO 15884 --- [    Test worker] j.LocalContainerEntityManagerFactoryBean : Initialized JPA EntityManagerFactory for persistence unit 'default'
2023-07-12 22:06:36.649  INFO 15884 --- [    Test worker] o.s.s.concurrent.ThreadPoolTaskExecutor  : Initializing ExecutorService 'applicationTaskExecutor'
2023-07-12 22:06:36.753  WARN 15884 --- [    Test worker] aWebConfiguration$JpaWebMvcConfiguration : spring.jpa.open-in-view is enabled by default. Therefore, database queries may be performed during view rendering. Explicitly configure spring.jpa.open-in-view to disable this warning
2023-07-12 22:06:37.292  INFO 15884 --- [    Test worker] c.h.b.s.d.posts.PostsRepositoryTest      : Started PostsRepositoryTest in 6.055 seconds (JVM running for 9.061)
Hibernate: insert into posts (author, content, title) values (?, ?, ?)
2023-07-12 22:06:37.611  INFO 15884 --- [    Test worker] o.h.h.i.QueryTranslatorFactoryInitiator  : HHH000397: Using ASTQueryTranslatorFactory
Hibernate: select posts0_.id as id1_0_, posts0_.author as author2_0_, posts0_.content as content3_0_, posts0_.title as title4_0_ from posts posts0_
Hibernate: select posts0_.id as id1_0_, posts0_.author as author2_0_, posts0_.content as content3_0_, posts0_.title as title4_0_ from posts posts0_
Hibernate: delete from posts where id=?
]]></system-out>
  <system-err><![CDATA[]]></system-err>
</testsuite>
